{"/Users/akhaw/Documents/Repositories/expense-tracker/src/App.js": {"path":"/Users/akhaw/Documents/Repositories/expense-tracker/src/App.js","statementMap":{"0":{"start":{"line":20,"column":12},"end":{"line":48,"column":1}},"1":{"start":{"line":21,"column":16},"end":{"line":21,"column":38}},"2":{"start":{"line":22,"column":25},"end":{"line":22,"column":47}},"3":{"start":{"line":23,"column":16},"end":{"line":26,"column":3}},"4":{"start":{"line":27,"column":2},"end":{"line":27,"column":35}},"5":{"start":{"line":29,"column":2},"end":{"line":47,"column":4}},"6":{"start":{"line":37,"column":47},"end":{"line":37,"column":75}}},"fnMap":{"0":{"name":"(anonymous_0)","decl":{"start":{"line":20,"column":12},"end":{"line":20,"column":13}},"loc":{"start":{"line":20,"column":18},"end":{"line":48,"column":1}},"line":20},"1":{"name":"(anonymous_1)","decl":{"start":{"line":37,"column":38},"end":{"line":37,"column":39}},"loc":{"start":{"line":37,"column":47},"end":{"line":37,"column":75}},"line":37}},"branchMap":{},"s":{"0":0,"1":0,"2":0,"3":0,"4":0,"5":0,"6":0},"f":{"0":0,"1":0},"b":{}}
,"/Users/akhaw/Documents/Repositories/expense-tracker/src/__tests__/utils/createTestStore.js": {"path":"/Users/akhaw/Documents/Repositories/expense-tracker/src/__tests__/utils/createTestStore.js","statementMap":{"0":{"start":{"line":5,"column":16},"end":{"line":8,"column":3}},"1":{"start":{"line":10,"column":2},"end":{"line":10,"column":15}}},"fnMap":{"0":{"name":"createTestStore","decl":{"start":{"line":4,"column":24},"end":{"line":4,"column":39}},"loc":{"start":{"line":4,"column":59},"end":{"line":11,"column":1}},"line":4}},"branchMap":{"0":{"loc":{"start":{"line":4,"column":40},"end":{"line":4,"column":57}},"type":"default-arg","locations":[{"start":{"line":4,"column":55},"end":{"line":4,"column":57}}],"line":4}},"s":{"0":2,"1":2},"f":{"0":2},"b":{"0":[1]},"_coverageSchema":"1a1c01bbd47fc00a2c39e90264f33305004495a9","hash":"ec1d2f6b02c1c83fe85559e7b9b874cd2ba5afb7"}
,"/Users/akhaw/Documents/Repositories/expense-tracker/src/actions/application.js": {"path":"/Users/akhaw/Documents/Repositories/expense-tracker/src/actions/application.js","statementMap":{"0":{"start":{"line":3,"column":28},"end":{"line":7,"column":1}},"1":{"start":{"line":4,"column":2},"end":{"line":6,"column":3}}},"fnMap":{"0":{"name":"(anonymous_0)","decl":{"start":{"line":3,"column":28},"end":{"line":3,"column":29}},"loc":{"start":{"line":4,"column":2},"end":{"line":6,"column":3}},"line":4}},"branchMap":{},"s":{"0":1,"1":3},"f":{"0":3},"b":{},"_coverageSchema":"1a1c01bbd47fc00a2c39e90264f33305004495a9","hash":"c3b3eef1b6df083d845d33da4b943464e66f70ea"}
,"/Users/akhaw/Documents/Repositories/expense-tracker/src/actions/expense.js": {"path":"/Users/akhaw/Documents/Repositories/expense-tracker/src/actions/expense.js","statementMap":{"0":{"start":{"line":3,"column":26},"end":{"line":8,"column":1}},"1":{"start":{"line":4,"column":2},"end":{"line":7,"column":3}}},"fnMap":{"0":{"name":"(anonymous_0)","decl":{"start":{"line":3,"column":26},"end":{"line":3,"column":27}},"loc":{"start":{"line":4,"column":2},"end":{"line":7,"column":3}},"line":4}},"branchMap":{},"s":{"0":0,"1":0},"f":{"0":0},"b":{}}
,"/Users/akhaw/Documents/Repositories/expense-tracker/src/actions/saga.js": {"path":"/Users/akhaw/Documents/Repositories/expense-tracker/src/actions/saga.js","statementMap":{"0":{"start":{"line":6,"column":2},"end":{"line":21,"column":3}},"1":{"start":{"line":7,"column":21},"end":{"line":13,"column":6}},"2":{"start":{"line":15,"column":17},"end":{"line":15,"column":38}},"3":{"start":{"line":17,"column":4},"end":{"line":17,"column":41}},"4":{"start":{"line":19,"column":4},"end":{"line":19,"column":33}},"5":{"start":{"line":20,"column":4},"end":{"line":20,"column":60}},"6":{"start":{"line":25,"column":2},"end":{"line":25,"column":50}}},"fnMap":{"0":{"name":"fetchData","decl":{"start":{"line":5,"column":10},"end":{"line":5,"column":19}},"loc":{"start":{"line":5,"column":22},"end":{"line":22,"column":1}},"line":5},"1":{"name":"fetchAllData","decl":{"start":{"line":24,"column":17},"end":{"line":24,"column":29}},"loc":{"start":{"line":24,"column":32},"end":{"line":26,"column":1}},"line":24}},"branchMap":{},"s":{"0":0,"1":0,"2":0,"3":0,"4":0,"5":0,"6":0},"f":{"0":0,"1":0},"b":{}}
,"/Users/akhaw/Documents/Repositories/expense-tracker/src/components/AddExpenseIcon/AddExpenseIcon.js": {"path":"/Users/akhaw/Documents/Repositories/expense-tracker/src/components/AddExpenseIcon/AddExpenseIcon.js","statementMap":{"0":{"start":{"line":7,"column":23},"end":{"line":17,"column":1}},"1":{"start":{"line":8,"column":21},"end":{"line":8,"column":36}},"2":{"start":{"line":10,"column":2},"end":{"line":16,"column":4}},"3":{"start":{"line":12,"column":21},"end":{"line":12,"column":64}}},"fnMap":{"0":{"name":"(anonymous_0)","decl":{"start":{"line":7,"column":23},"end":{"line":7,"column":24}},"loc":{"start":{"line":7,"column":29},"end":{"line":17,"column":1}},"line":7},"1":{"name":"(anonymous_1)","decl":{"start":{"line":12,"column":15},"end":{"line":12,"column":16}},"loc":{"start":{"line":12,"column":21},"end":{"line":12,"column":64}},"line":12}},"branchMap":{},"s":{"0":0,"1":0,"2":0,"3":0},"f":{"0":0,"1":0},"b":{}}
,"/Users/akhaw/Documents/Repositories/expense-tracker/src/components/AmountWidget/AmountWidget.js": {"path":"/Users/akhaw/Documents/Repositories/expense-tracker/src/components/AmountWidget/AmountWidget.js","statementMap":{"0":{"start":{"line":6,"column":21},"end":{"line":16,"column":1}},"1":{"start":{"line":7,"column":2},"end":{"line":15,"column":4}}},"fnMap":{"0":{"name":"(anonymous_0)","decl":{"start":{"line":6,"column":21},"end":{"line":6,"column":22}},"loc":{"start":{"line":6,"column":36},"end":{"line":16,"column":1}},"line":6}},"branchMap":{},"s":{"0":0,"1":0},"f":{"0":0},"b":{}}
,"/Users/akhaw/Documents/Repositories/expense-tracker/src/components/AmountWidget/styles.js": {"path":"/Users/akhaw/Documents/Repositories/expense-tracker/src/components/AmountWidget/styles.js","statementMap":{"0":{"start":{"line":3,"column":15},"end":{"line":35,"column":2}}},"fnMap":{},"branchMap":{},"s":{"0":0},"f":{},"b":{}}
,"/Users/akhaw/Documents/Repositories/expense-tracker/src/components/Category/Category.js": {"path":"/Users/akhaw/Documents/Repositories/expense-tracker/src/components/Category/Category.js","statementMap":{"0":{"start":{"line":14,"column":17},"end":{"line":72,"column":1}},"1":{"start":{"line":15,"column":27},"end":{"line":15,"column":53}},"2":{"start":{"line":17,"column":32},"end":{"line":17,"column":58}},"3":{"start":{"line":18,"column":26},"end":{"line":18,"column":41}},"4":{"start":{"line":20,"column":23},"end":{"line":24,"column":3}},"5":{"start":{"line":21,"column":4},"end":{"line":21,"column":34}},"6":{"start":{"line":23,"column":4},"end":{"line":23,"column":19}},"7":{"start":{"line":26,"column":17},"end":{"line":42,"column":3}},"8":{"start":{"line":27,"column":24},"end":{"line":27,"column":39}},"9":{"start":{"line":29,"column":4},"end":{"line":41,"column":6}},"10":{"start":{"line":30,"column":38},"end":{"line":30,"column":53}},"11":{"start":{"line":44,"column":2},"end":{"line":71,"column":4}},"12":{"start":{"line":46,"column":82},"end":{"line":46,"column":95}},"13":{"start":{"line":57,"column":53},"end":{"line":57,"column":88}},"14":{"start":{"line":64,"column":14},"end":{"line":64,"column":29}}},"fnMap":{"0":{"name":"(anonymous_0)","decl":{"start":{"line":14,"column":17},"end":{"line":14,"column":18}},"loc":{"start":{"line":14,"column":52},"end":{"line":72,"column":1}},"line":14},"1":{"name":"(anonymous_1)","decl":{"start":{"line":20,"column":23},"end":{"line":20,"column":24}},"loc":{"start":{"line":20,"column":29},"end":{"line":24,"column":3}},"line":20},"2":{"name":"(anonymous_2)","decl":{"start":{"line":26,"column":17},"end":{"line":26,"column":18}},"loc":{"start":{"line":26,"column":40},"end":{"line":42,"column":3}},"line":26},"3":{"name":"(anonymous_3)","decl":{"start":{"line":30,"column":32},"end":{"line":30,"column":33}},"loc":{"start":{"line":30,"column":38},"end":{"line":30,"column":53}},"line":30},"4":{"name":"(anonymous_4)","decl":{"start":{"line":46,"column":76},"end":{"line":46,"column":77}},"loc":{"start":{"line":46,"column":82},"end":{"line":46,"column":95}},"line":46},"5":{"name":"(anonymous_5)","decl":{"start":{"line":57,"column":46},"end":{"line":57,"column":47}},"loc":{"start":{"line":57,"column":53},"end":{"line":57,"column":88}},"line":57},"6":{"name":"(anonymous_6)","decl":{"start":{"line":63,"column":29},"end":{"line":63,"column":30}},"loc":{"start":{"line":63,"column":35},"end":{"line":65,"column":13}},"line":63}},"branchMap":{"0":{"loc":{"start":{"line":21,"column":4},"end":{"line":21,"column":33}},"type":"binary-expr","locations":[{"start":{"line":21,"column":4},"end":{"line":21,"column":12}},{"start":{"line":21,"column":16},"end":{"line":21,"column":33}}],"line":21},"1":{"loc":{"start":{"line":35,"column":22},"end":{"line":35,"column":63}},"type":"cond-expr","locations":[{"start":{"line":35,"column":40},"end":{"line":35,"column":49}},{"start":{"line":35,"column":52},"end":{"line":35,"column":63}}],"line":35}},"s":{"0":0,"1":0,"2":0,"3":0,"4":0,"5":0,"6":0,"7":0,"8":0,"9":0,"10":0,"11":0,"12":0,"13":0,"14":0},"f":{"0":0,"1":0,"2":0,"3":0,"4":0,"5":0,"6":0},"b":{"0":[0,0],"1":[0,0]}}
,"/Users/akhaw/Documents/Repositories/expense-tracker/src/components/Category/constants.js": {"path":"/Users/akhaw/Documents/Repositories/expense-tracker/src/components/Category/constants.js","statementMap":{"0":{"start":{"line":4,"column":19},"end":{"line":4,"column":30}},"1":{"start":{"line":6,"column":26},"end":{"line":27,"column":1}},"2":{"start":{"line":9,"column":17},"end":{"line":9,"column":95}},"3":{"start":{"line":13,"column":17},"end":{"line":13,"column":82}},"4":{"start":{"line":17,"column":17},"end":{"line":17,"column":80}},"5":{"start":{"line":21,"column":17},"end":{"line":21,"column":81}},"6":{"start":{"line":25,"column":17},"end":{"line":25,"column":90}}},"fnMap":{"0":{"name":"(anonymous_0)","decl":{"start":{"line":9,"column":10},"end":{"line":9,"column":11}},"loc":{"start":{"line":9,"column":17},"end":{"line":9,"column":95}},"line":9},"1":{"name":"(anonymous_1)","decl":{"start":{"line":13,"column":10},"end":{"line":13,"column":11}},"loc":{"start":{"line":13,"column":17},"end":{"line":13,"column":82}},"line":13},"2":{"name":"(anonymous_2)","decl":{"start":{"line":17,"column":10},"end":{"line":17,"column":11}},"loc":{"start":{"line":17,"column":17},"end":{"line":17,"column":80}},"line":17},"3":{"name":"(anonymous_3)","decl":{"start":{"line":21,"column":10},"end":{"line":21,"column":11}},"loc":{"start":{"line":21,"column":17},"end":{"line":21,"column":81}},"line":21},"4":{"name":"(anonymous_4)","decl":{"start":{"line":25,"column":10},"end":{"line":25,"column":11}},"loc":{"start":{"line":25,"column":17},"end":{"line":25,"column":90}},"line":25}},"branchMap":{},"s":{"0":1,"1":1,"2":2,"3":0,"4":0,"5":2,"6":0},"f":{"0":2,"1":0,"2":0,"3":2,"4":0},"b":{},"_coverageSchema":"1a1c01bbd47fc00a2c39e90264f33305004495a9","hash":"898f026742f5978ebe61b60f7b9a70fffa5d60e7"}
,"/Users/akhaw/Documents/Repositories/expense-tracker/src/components/Category/styles.js": {"path":"/Users/akhaw/Documents/Repositories/expense-tracker/src/components/Category/styles.js","statementMap":{"0":{"start":{"line":3,"column":15},"end":{"line":13,"column":2}}},"fnMap":{},"branchMap":{},"s":{"0":0},"f":{},"b":{}}
,"/Users/akhaw/Documents/Repositories/expense-tracker/src/components/Dashboard/Dashboard.js": {"path":"/Users/akhaw/Documents/Repositories/expense-tracker/src/components/Dashboard/Dashboard.js","statementMap":{"0":{"start":{"line":12,"column":29},"end":{"line":12,"column":56}},"1":{"start":{"line":12,"column":50},"end":{"line":12,"column":55}},"2":{"start":{"line":13,"column":92},"end":{"line":13,"column":100}},"3":{"start":{"line":14,"column":35},"end":{"line":14,"column":39}},"4":{"start":{"line":15,"column":19},"end":{"line":15,"column":32}},"5":{"start":{"line":17,"column":21},"end":{"line":17,"column":35}},"6":{"start":{"line":19,"column":20},"end":{"line":21,"column":3}},"7":{"start":{"line":20,"column":4},"end":{"line":20,"column":29}},"8":{"start":{"line":23,"column":2},"end":{"line":25,"column":31}},"9":{"start":{"line":24,"column":4},"end":{"line":24,"column":16}},"10":{"start":{"line":27,"column":2},"end":{"line":58,"column":4}},"11":{"start":{"line":35,"column":12},"end":{"line":53,"column":21}},"12":{"start":{"line":40,"column":60},"end":{"line":40,"column":77}},"13":{"start":{"line":42,"column":18},"end":{"line":50,"column":20}}},"fnMap":{"0":{"name":"Dashboard","decl":{"start":{"line":11,"column":24},"end":{"line":11,"column":33}},"loc":{"start":{"line":11,"column":36},"end":{"line":59,"column":1}},"line":11},"1":{"name":"(anonymous_1)","decl":{"start":{"line":12,"column":41},"end":{"line":12,"column":42}},"loc":{"start":{"line":12,"column":50},"end":{"line":12,"column":55}},"line":12},"2":{"name":"(anonymous_2)","decl":{"start":{"line":19,"column":20},"end":{"line":19,"column":21}},"loc":{"start":{"line":19,"column":32},"end":{"line":21,"column":3}},"line":19},"3":{"name":"(anonymous_3)","decl":{"start":{"line":23,"column":12},"end":{"line":23,"column":13}},"loc":{"start":{"line":23,"column":18},"end":{"line":25,"column":3}},"line":23},"4":{"name":"(anonymous_4)","decl":{"start":{"line":34,"column":29},"end":{"line":34,"column":30}},"loc":{"start":{"line":34,"column":42},"end":{"line":54,"column":11}},"line":34},"5":{"name":"(anonymous_5)","decl":{"start":{"line":39,"column":38},"end":{"line":39,"column":39}},"loc":{"start":{"line":39,"column":64},"end":{"line":51,"column":17}},"line":39}},"branchMap":{},"s":{"0":3,"1":9,"2":3,"3":3,"4":3,"5":3,"6":3,"7":3,"8":3,"9":3,"10":3,"11":2,"12":4,"13":4},"f":{"0":3,"1":9,"2":3,"3":3,"4":2,"5":4},"b":{},"_coverageSchema":"1a1c01bbd47fc00a2c39e90264f33305004495a9","hash":"e7bbb1566c939230dfc9623e5105299a7b4fe35e"}
,"/Users/akhaw/Documents/Repositories/expense-tracker/src/components/Dashboard/styles.js": {"path":"/Users/akhaw/Documents/Repositories/expense-tracker/src/components/Dashboard/styles.js","statementMap":{"0":{"start":{"line":3,"column":15},"end":{"line":15,"column":2}}},"fnMap":{},"branchMap":{},"s":{"0":1},"f":{},"b":{},"_coverageSchema":"1a1c01bbd47fc00a2c39e90264f33305004495a9","hash":"38067b6b0302336ad1244776a687d021d68994ec"}
,"/Users/akhaw/Documents/Repositories/expense-tracker/src/components/DatePicker/DatePicker.js": {"path":"/Users/akhaw/Documents/Repositories/expense-tracker/src/components/DatePicker/DatePicker.js","statementMap":{"0":{"start":{"line":9,"column":19},"end":{"line":75,"column":1}},"1":{"start":{"line":10,"column":28},"end":{"line":10,"column":48}},"2":{"start":{"line":11,"column":26},"end":{"line":11,"column":41}},"3":{"start":{"line":12,"column":26},"end":{"line":12,"column":55}},"4":{"start":{"line":13,"column":40},"end":{"line":13,"column":88}},"5":{"start":{"line":15,"column":22},"end":{"line":17,"column":3}},"6":{"start":{"line":16,"column":4},"end":{"line":16,"column":18}},"7":{"start":{"line":19,"column":22},"end":{"line":21,"column":3}},"8":{"start":{"line":20,"column":4},"end":{"line":20,"column":19}},"9":{"start":{"line":23,"column":19},"end":{"line":31,"column":3}},"10":{"start":{"line":24,"column":24},"end":{"line":24,"column":44}},"11":{"start":{"line":26,"column":4},"end":{"line":26,"column":48}},"12":{"start":{"line":28,"column":4},"end":{"line":28,"column":25}},"13":{"start":{"line":29,"column":4},"end":{"line":29,"column":66}},"14":{"start":{"line":30,"column":4},"end":{"line":30,"column":35}},"15":{"start":{"line":33,"column":2},"end":{"line":74,"column":4}}},"fnMap":{"0":{"name":"(anonymous_0)","decl":{"start":{"line":9,"column":19},"end":{"line":9,"column":20}},"loc":{"start":{"line":9,"column":49},"end":{"line":75,"column":1}},"line":9},"1":{"name":"(anonymous_1)","decl":{"start":{"line":15,"column":22},"end":{"line":15,"column":23}},"loc":{"start":{"line":15,"column":28},"end":{"line":17,"column":3}},"line":15},"2":{"name":"(anonymous_2)","decl":{"start":{"line":19,"column":22},"end":{"line":19,"column":23}},"loc":{"start":{"line":19,"column":28},"end":{"line":21,"column":3}},"line":19},"3":{"name":"(anonymous_3)","decl":{"start":{"line":23,"column":19},"end":{"line":23,"column":20}},"loc":{"start":{"line":23,"column":44},"end":{"line":31,"column":3}},"line":23}},"branchMap":{"0":{"loc":{"start":{"line":12,"column":35},"end":{"line":12,"column":54}},"type":"binary-expr","locations":[{"start":{"line":12,"column":35},"end":{"line":12,"column":40}},{"start":{"line":12,"column":44},"end":{"line":12,"column":54}}],"line":12},"1":{"loc":{"start":{"line":24,"column":24},"end":{"line":24,"column":44}},"type":"binary-expr","locations":[{"start":{"line":24,"column":24},"end":{"line":24,"column":36}},{"start":{"line":24,"column":40},"end":{"line":24,"column":44}}],"line":24},"2":{"loc":{"start":{"line":26,"column":4},"end":{"line":26,"column":47}},"type":"binary-expr","locations":[{"start":{"line":26,"column":4},"end":{"line":26,"column":17}},{"start":{"line":26,"column":21},"end":{"line":26,"column":47}}],"line":26},"3":{"loc":{"start":{"line":41,"column":8},"end":{"line":71,"column":9}},"type":"cond-expr","locations":[{"start":{"line":42,"column":10},"end":{"line":57,"column":20}},{"start":{"line":59,"column":10},"end":{"line":70,"column":21}}],"line":41},"4":{"loc":{"start":{"line":61,"column":14},"end":{"line":68,"column":16}},"type":"binary-expr","locations":[{"start":{"line":61,"column":14},"end":{"line":61,"column":18}},{"start":{"line":61,"column":22},"end":{"line":68,"column":16}}],"line":61}},"s":{"0":0,"1":0,"2":0,"3":0,"4":0,"5":0,"6":0,"7":0,"8":0,"9":0,"10":0,"11":0,"12":0,"13":0,"14":0,"15":0},"f":{"0":0,"1":0,"2":0,"3":0},"b":{"0":[0,0],"1":[0,0],"2":[0,0],"3":[0,0],"4":[0,0]}}
,"/Users/akhaw/Documents/Repositories/expense-tracker/src/components/DatePicker/styles.js": {"path":"/Users/akhaw/Documents/Repositories/expense-tracker/src/components/DatePicker/styles.js","statementMap":{"0":{"start":{"line":3,"column":15},"end":{"line":39,"column":2}}},"fnMap":{},"branchMap":{},"s":{"0":0},"f":{},"b":{}}
,"/Users/akhaw/Documents/Repositories/expense-tracker/src/components/ExpenseCard/ExpenseCard.js": {"path":"/Users/akhaw/Documents/Repositories/expense-tracker/src/components/ExpenseCard/ExpenseCard.js","statementMap":{"0":{"start":{"line":7,"column":20},"end":{"line":21,"column":1}},"1":{"start":{"line":8,"column":16},"end":{"line":8,"column":44}},"2":{"start":{"line":9,"column":15},"end":{"line":9,"column":40}},"3":{"start":{"line":11,"column":2},"end":{"line":20,"column":4}},"4":{"start":{"line":16,"column":25},"end":{"line":16,"column":44}},"5":{"start":{"line":17,"column":26},"end":{"line":17,"column":87}}},"fnMap":{"0":{"name":"(anonymous_0)","decl":{"start":{"line":7,"column":20},"end":{"line":7,"column":21}},"loc":{"start":{"line":7,"column":59},"end":{"line":21,"column":1}},"line":7},"1":{"name":"(anonymous_1)","decl":{"start":{"line":16,"column":14},"end":{"line":16,"column":15}},"loc":{"start":{"line":16,"column":25},"end":{"line":16,"column":44}},"line":16},"2":{"name":"(anonymous_2)","decl":{"start":{"line":17,"column":15},"end":{"line":17,"column":16}},"loc":{"start":{"line":17,"column":26},"end":{"line":17,"column":87}},"line":17}},"branchMap":{},"s":{"0":1,"1":4,"2":4,"3":4,"4":4,"5":4},"f":{"0":4,"1":4,"2":4},"b":{},"_coverageSchema":"1a1c01bbd47fc00a2c39e90264f33305004495a9","hash":"1bac86e4f3400c3d47dcdf0eee2d3bc746516824"}
,"/Users/akhaw/Documents/Repositories/expense-tracker/src/components/ExpenseCard/styles.js": {"path":"/Users/akhaw/Documents/Repositories/expense-tracker/src/components/ExpenseCard/styles.js","statementMap":{"0":{"start":{"line":3,"column":15},"end":{"line":8,"column":2}}},"fnMap":{},"branchMap":{},"s":{"0":1},"f":{},"b":{},"_coverageSchema":"1a1c01bbd47fc00a2c39e90264f33305004495a9","hash":"35eb1adce187dfad33976262435f749f1799dc07"}
,"/Users/akhaw/Documents/Repositories/expense-tracker/src/components/ExpenseForm/ExpenseForm.js": {"path":"/Users/akhaw/Documents/Repositories/expense-tracker/src/components/ExpenseForm/ExpenseForm.js","statementMap":{"0":{"start":{"line":18,"column":20},"end":{"line":100,"column":1}},"1":{"start":{"line":19,"column":21},"end":{"line":19,"column":36}},"2":{"start":{"line":20,"column":19},"end":{"line":20,"column":32}},"3":{"start":{"line":22,"column":22},"end":{"line":22,"column":32}},"4":{"start":{"line":23,"column":25},"end":{"line":23,"column":28}},"5":{"start":{"line":25,"column":42},"end":{"line":25,"column":63}},"6":{"start":{"line":26,"column":30},"end":{"line":26,"column":54}},"7":{"start":{"line":27,"column":26},"end":{"line":27,"column":53}},"8":{"start":{"line":28,"column":40},"end":{"line":28,"column":52}},"9":{"start":{"line":30,"column":22},"end":{"line":47,"column":3}},"10":{"start":{"line":31,"column":4},"end":{"line":46,"column":5}},"11":{"start":{"line":32,"column":30},"end":{"line":32,"column":47}},"12":{"start":{"line":34,"column":27},"end":{"line":34,"column":77}},"13":{"start":{"line":35,"column":38},"end":{"line":35,"column":79}},"14":{"start":{"line":37,"column":6},"end":{"line":41,"column":7}},"15":{"start":{"line":38,"column":8},"end":{"line":38,"column":35}},"16":{"start":{"line":39,"column":13},"end":{"line":41,"column":7}},"17":{"start":{"line":40,"column":8},"end":{"line":40,"column":53}},"18":{"start":{"line":43,"column":30},"end":{"line":43,"column":83}},"19":{"start":{"line":45,"column":6},"end":{"line":45,"column":33}},"20":{"start":{"line":49,"column":20},"end":{"line":51,"column":3}},"21":{"start":{"line":50,"column":4},"end":{"line":50,"column":34}},"22":{"start":{"line":53,"column":19},"end":{"line":68,"column":3}},"23":{"start":{"line":54,"column":26},"end":{"line":54,"column":44}},"24":{"start":{"line":56,"column":4},"end":{"line":56,"column":26}},"25":{"start":{"line":58,"column":20},"end":{"line":63,"column":5}},"26":{"start":{"line":65,"column":4},"end":{"line":65,"column":34}},"27":{"start":{"line":67,"column":4},"end":{"line":67,"column":46}},"28":{"start":{"line":70,"column":2},"end":{"line":99,"column":4}},"29":{"start":{"line":72,"column":61},"end":{"line":72,"column":82}},"30":{"start":{"line":84,"column":32},"end":{"line":84,"column":52}}},"fnMap":{"0":{"name":"(anonymous_0)","decl":{"start":{"line":18,"column":20},"end":{"line":18,"column":21}},"loc":{"start":{"line":18,"column":26},"end":{"line":100,"column":1}},"line":18},"1":{"name":"(anonymous_1)","decl":{"start":{"line":30,"column":22},"end":{"line":30,"column":23}},"loc":{"start":{"line":30,"column":31},"end":{"line":47,"column":3}},"line":30},"2":{"name":"(anonymous_2)","decl":{"start":{"line":49,"column":20},"end":{"line":49,"column":21}},"loc":{"start":{"line":49,"column":26},"end":{"line":51,"column":3}},"line":49},"3":{"name":"(anonymous_3)","decl":{"start":{"line":53,"column":19},"end":{"line":53,"column":20}},"loc":{"start":{"line":53,"column":33},"end":{"line":68,"column":3}},"line":53},"4":{"name":"(anonymous_4)","decl":{"start":{"line":72,"column":53},"end":{"line":72,"column":54}},"loc":{"start":{"line":72,"column":61},"end":{"line":72,"column":82}},"line":72},"5":{"name":"(anonymous_5)","decl":{"start":{"line":84,"column":24},"end":{"line":84,"column":25}},"loc":{"start":{"line":84,"column":32},"end":{"line":84,"column":52}},"line":84}},"branchMap":{"0":{"loc":{"start":{"line":31,"column":4},"end":{"line":46,"column":5}},"type":"if","locations":[{"start":{"line":31,"column":4},"end":{"line":46,"column":5}},{"start":{"line":31,"column":4},"end":{"line":46,"column":5}}],"line":31},"1":{"loc":{"start":{"line":37,"column":6},"end":{"line":41,"column":7}},"type":"if","locations":[{"start":{"line":37,"column":6},"end":{"line":41,"column":7}},{"start":{"line":37,"column":6},"end":{"line":41,"column":7}}],"line":37},"2":{"loc":{"start":{"line":39,"column":13},"end":{"line":41,"column":7}},"type":"if","locations":[{"start":{"line":39,"column":13},"end":{"line":41,"column":7}},{"start":{"line":39,"column":13},"end":{"line":41,"column":7}}],"line":39},"3":{"loc":{"start":{"line":43,"column":30},"end":{"line":43,"column":83}},"type":"binary-expr","locations":[{"start":{"line":43,"column":30},"end":{"line":43,"column":65}},{"start":{"line":43,"column":69},"end":{"line":43,"column":83}}],"line":43}},"s":{"0":0,"1":0,"2":0,"3":0,"4":0,"5":0,"6":0,"7":0,"8":0,"9":0,"10":0,"11":0,"12":0,"13":0,"14":0,"15":0,"16":0,"17":0,"18":0,"19":0,"20":0,"21":0,"22":0,"23":0,"24":0,"25":0,"26":0,"27":0,"28":0,"29":0,"30":0},"f":{"0":0,"1":0,"2":0,"3":0,"4":0,"5":0},"b":{"0":[0,0],"1":[0,0],"2":[0,0],"3":[0,0]}}
,"/Users/akhaw/Documents/Repositories/expense-tracker/src/components/ExpenseForm/styles.js": {"path":"/Users/akhaw/Documents/Repositories/expense-tracker/src/components/ExpenseForm/styles.js","statementMap":{"0":{"start":{"line":3,"column":15},"end":{"line":21,"column":2}}},"fnMap":{},"branchMap":{},"s":{"0":0},"f":{},"b":{}}
,"/Users/akhaw/Documents/Repositories/expense-tracker/src/components/InputButton/InputButton.js": {"path":"/Users/akhaw/Documents/Repositories/expense-tracker/src/components/InputButton/InputButton.js","statementMap":{"0":{"start":{"line":6,"column":20},"end":{"line":19,"column":1}},"1":{"start":{"line":7,"column":18},"end":{"line":9,"column":3}},"2":{"start":{"line":8,"column":4},"end":{"line":8,"column":17}},"3":{"start":{"line":11,"column":2},"end":{"line":18,"column":4}}},"fnMap":{"0":{"name":"(anonymous_0)","decl":{"start":{"line":6,"column":20},"end":{"line":6,"column":21}},"loc":{"start":{"line":6,"column":42},"end":{"line":19,"column":1}},"line":6},"1":{"name":"(anonymous_1)","decl":{"start":{"line":7,"column":18},"end":{"line":7,"column":19}},"loc":{"start":{"line":7,"column":24},"end":{"line":9,"column":3}},"line":7}},"branchMap":{},"s":{"0":0,"1":0,"2":0,"3":0},"f":{"0":0,"1":0},"b":{}}
,"/Users/akhaw/Documents/Repositories/expense-tracker/src/components/InputButton/styles.js": {"path":"/Users/akhaw/Documents/Repositories/expense-tracker/src/components/InputButton/styles.js","statementMap":{"0":{"start":{"line":3,"column":15},"end":{"line":16,"column":2}}},"fnMap":{},"branchMap":{},"s":{"0":0},"f":{},"b":{}}
,"/Users/akhaw/Documents/Repositories/expense-tracker/src/components/Keypad/Keypad.js": {"path":"/Users/akhaw/Documents/Repositories/expense-tracker/src/components/Keypad/Keypad.js","statementMap":{"0":{"start":{"line":6,"column":21},"end":{"line":11,"column":1}},"1":{"start":{"line":13,"column":15},"end":{"line":48,"column":1}},"2":{"start":{"line":14,"column":16},"end":{"line":16,"column":3}},"3":{"start":{"line":15,"column":4},"end":{"line":15,"column":18}},"4":{"start":{"line":18,"column":24},"end":{"line":41,"column":3}},"5":{"start":{"line":19,"column":20},"end":{"line":19,"column":22}},"6":{"start":{"line":21,"column":4},"end":{"line":38,"column":5}},"7":{"start":{"line":21,"column":19},"end":{"line":21,"column":20}},"8":{"start":{"line":22,"column":25},"end":{"line":22,"column":40}},"9":{"start":{"line":23,"column":25},"end":{"line":23,"column":27}},"10":{"start":{"line":25,"column":6},"end":{"line":33,"column":7}},"11":{"start":{"line":25,"column":24},"end":{"line":25,"column":25}},"12":{"start":{"line":26,"column":8},"end":{"line":32,"column":10}},"13":{"start":{"line":35,"column":6},"end":{"line":37,"column":8}},"14":{"start":{"line":40,"column":4},"end":{"line":40,"column":19}},"15":{"start":{"line":43,"column":2},"end":{"line":47,"column":4}}},"fnMap":{"0":{"name":"(anonymous_0)","decl":{"start":{"line":13,"column":15},"end":{"line":13,"column":16}},"loc":{"start":{"line":13,"column":33},"end":{"line":48,"column":1}},"line":13},"1":{"name":"(anonymous_1)","decl":{"start":{"line":14,"column":16},"end":{"line":14,"column":17}},"loc":{"start":{"line":14,"column":25},"end":{"line":16,"column":3}},"line":14},"2":{"name":"(anonymous_2)","decl":{"start":{"line":18,"column":24},"end":{"line":18,"column":25}},"loc":{"start":{"line":18,"column":30},"end":{"line":41,"column":3}},"line":18}},"branchMap":{},"s":{"0":0,"1":0,"2":0,"3":0,"4":0,"5":0,"6":0,"7":0,"8":0,"9":0,"10":0,"11":0,"12":0,"13":0,"14":0,"15":0},"f":{"0":0,"1":0,"2":0},"b":{}}
,"/Users/akhaw/Documents/Repositories/expense-tracker/src/components/Keypad/styles.js": {"path":"/Users/akhaw/Documents/Repositories/expense-tracker/src/components/Keypad/styles.js","statementMap":{"0":{"start":{"line":3,"column":15},"end":{"line":11,"column":2}}},"fnMap":{},"branchMap":{},"s":{"0":0},"f":{},"b":{}}
,"/Users/akhaw/Documents/Repositories/expense-tracker/src/components/MonthlyExpenseWidget/MonthlyExpenseWidget.js": {"path":"/Users/akhaw/Documents/Repositories/expense-tracker/src/components/MonthlyExpenseWidget/MonthlyExpenseWidget.js","statementMap":{"0":{"start":{"line":5,"column":29},"end":{"line":16,"column":1}},"1":{"start":{"line":6,"column":2},"end":{"line":15,"column":4}}},"fnMap":{"0":{"name":"(anonymous_0)","decl":{"start":{"line":5,"column":29},"end":{"line":5,"column":30}},"loc":{"start":{"line":5,"column":54},"end":{"line":16,"column":1}},"line":5}},"branchMap":{},"s":{"0":1,"1":3},"f":{"0":3},"b":{},"_coverageSchema":"1a1c01bbd47fc00a2c39e90264f33305004495a9","hash":"ce00cd9bbd3ce69f962f572751dfe4e7e22d1b9f"}
,"/Users/akhaw/Documents/Repositories/expense-tracker/src/components/MonthlyExpenseWidget/styles.js": {"path":"/Users/akhaw/Documents/Repositories/expense-tracker/src/components/MonthlyExpenseWidget/styles.js","statementMap":{"0":{"start":{"line":3,"column":15},"end":{"line":19,"column":2}}},"fnMap":{},"branchMap":{},"s":{"0":1},"f":{},"b":{},"_coverageSchema":"1a1c01bbd47fc00a2c39e90264f33305004495a9","hash":"ec017bb3910a5a8c9ac833042ef454f43cc78aac"}
,"/Users/akhaw/Documents/Repositories/expense-tracker/src/constants/application.js": {"path":"/Users/akhaw/Documents/Repositories/expense-tracker/src/constants/application.js","statementMap":{"0":{"start":{"line":1,"column":34},"end":{"line":1,"column":54}}},"fnMap":{},"branchMap":{},"s":{"0":1},"f":{},"b":{},"_coverageSchema":"1a1c01bbd47fc00a2c39e90264f33305004495a9","hash":"434e8a15365a567d24c9e53d15ceade599652632"}
,"/Users/akhaw/Documents/Repositories/expense-tracker/src/constants/expense.js": {"path":"/Users/akhaw/Documents/Repositories/expense-tracker/src/constants/expense.js","statementMap":{"0":{"start":{"line":1,"column":27},"end":{"line":1,"column":40}}},"fnMap":{},"branchMap":{},"s":{"0":1},"f":{},"b":{},"_coverageSchema":"1a1c01bbd47fc00a2c39e90264f33305004495a9","hash":"75207b9514bfd847ad71020a39b5f4168fc6de81"}
,"/Users/akhaw/Documents/Repositories/expense-tracker/src/constants/navigation.js": {"path":"/Users/akhaw/Documents/Repositories/expense-tracker/src/constants/navigation.js","statementMap":{"0":{"start":{"line":1,"column":26},"end":{"line":4,"column":1}}},"fnMap":{},"branchMap":{},"s":{"0":0},"f":{},"b":{}}
,"/Users/akhaw/Documents/Repositories/expense-tracker/src/constants/user.js": {"path":"/Users/akhaw/Documents/Repositories/expense-tracker/src/constants/user.js","statementMap":{"0":{"start":{"line":1,"column":27},"end":{"line":1,"column":40}}},"fnMap":{},"branchMap":{},"s":{"0":1},"f":{},"b":{},"_coverageSchema":"1a1c01bbd47fc00a2c39e90264f33305004495a9","hash":"2a4950b25b7ab8f081fb0eda89893775e2c96e60"}
,"/Users/akhaw/Documents/Repositories/expense-tracker/src/reducers/expense.js": {"path":"/Users/akhaw/Documents/Repositories/expense-tracker/src/reducers/expense.js","statementMap":{"0":{"start":{"line":4,"column":22},"end":{"line":8,"column":1}},"1":{"start":{"line":10,"column":35},"end":{"line":14,"column":1}},"2":{"start":{"line":11,"column":16},"end":{"line":11,"column":26}},"3":{"start":{"line":13,"column":2},"end":{"line":13,"column":97}},"4":{"start":{"line":16,"column":43},"end":{"line":30,"column":1}},"5":{"start":{"line":17,"column":14},"end":{"line":17,"column":15}},"6":{"start":{"line":19,"column":2},"end":{"line":27,"column":5}},"7":{"start":{"line":20,"column":21},"end":{"line":20,"column":55}},"8":{"start":{"line":22,"column":4},"end":{"line":26,"column":5}},"9":{"start":{"line":23,"column":6},"end":{"line":25,"column":12}},"10":{"start":{"line":24,"column":8},"end":{"line":24,"column":48}},"11":{"start":{"line":29,"column":2},"end":{"line":29,"column":15}},"12":{"start":{"line":32,"column":16},"end":{"line":62,"column":1}},"13":{"start":{"line":33,"column":2},"end":{"line":61,"column":3}},"14":{"start":{"line":35,"column":54},"end":{"line":35,"column":65}},"15":{"start":{"line":36,"column":25},"end":{"line":36,"column":39}},"16":{"start":{"line":37,"column":27},"end":{"line":37,"column":58}},"17":{"start":{"line":39,"column":23},"end":{"line":39,"column":55}},"18":{"start":{"line":41,"column":32},"end":{"line":44,"column":7}},"19":{"start":{"line":46,"column":26},"end":{"line":49,"column":7}},"20":{"start":{"line":51,"column":24},"end":{"line":51,"column":70}},"21":{"start":{"line":51,"column":64},"end":{"line":51,"column":69}},"22":{"start":{"line":53,"column":6},"end":{"line":58,"column":8}},"23":{"start":{"line":60,"column":6},"end":{"line":60,"column":19}}},"fnMap":{"0":{"name":"(anonymous_0)","decl":{"start":{"line":10,"column":35},"end":{"line":10,"column":36}},"loc":{"start":{"line":10,"column":52},"end":{"line":14,"column":1}},"line":10},"1":{"name":"(anonymous_1)","decl":{"start":{"line":16,"column":43},"end":{"line":16,"column":44}},"loc":{"start":{"line":16,"column":60},"end":{"line":30,"column":1}},"line":16},"2":{"name":"(anonymous_2)","decl":{"start":{"line":19,"column":35},"end":{"line":19,"column":36}},"loc":{"start":{"line":19,"column":53},"end":{"line":27,"column":3}},"line":19},"3":{"name":"(anonymous_3)","decl":{"start":{"line":23,"column":50},"end":{"line":23,"column":51}},"loc":{"start":{"line":23,"column":68},"end":{"line":25,"column":7}},"line":23},"4":{"name":"(anonymous_4)","decl":{"start":{"line":32,"column":16},"end":{"line":32,"column":17}},"loc":{"start":{"line":32,"column":51},"end":{"line":62,"column":1}},"line":32},"5":{"name":"(anonymous_5)","decl":{"start":{"line":51,"column":54},"end":{"line":51,"column":55}},"loc":{"start":{"line":51,"column":64},"end":{"line":51,"column":69}},"line":51}},"branchMap":{"0":{"loc":{"start":{"line":13,"column":9},"end":{"line":13,"column":96}},"type":"binary-expr","locations":[{"start":{"line":13,"column":9},"end":{"line":13,"column":51}},{"start":{"line":13,"column":55},"end":{"line":13,"column":96}}],"line":13},"1":{"loc":{"start":{"line":22,"column":4},"end":{"line":26,"column":5}},"type":"if","locations":[{"start":{"line":22,"column":4},"end":{"line":26,"column":5}},{"start":{"line":22,"column":4},"end":{"line":26,"column":5}}],"line":22},"2":{"loc":{"start":{"line":32,"column":17},"end":{"line":32,"column":38}},"type":"default-arg","locations":[{"start":{"line":32,"column":25},"end":{"line":32,"column":38}}],"line":32},"3":{"loc":{"start":{"line":33,"column":2},"end":{"line":61,"column":3}},"type":"switch","locations":[{"start":{"line":34,"column":4},"end":{"line":58,"column":8}},{"start":{"line":59,"column":4},"end":{"line":60,"column":19}}],"line":33},"4":{"loc":{"start":{"line":43,"column":12},"end":{"line":43,"column":46}},"type":"binary-expr","locations":[{"start":{"line":43,"column":12},"end":{"line":43,"column":40}},{"start":{"line":43,"column":44},"end":{"line":43,"column":46}}],"line":43}},"s":{"0":1,"1":1,"2":0,"3":0,"4":1,"5":0,"6":0,"7":0,"8":0,"9":0,"10":0,"11":0,"12":1,"13":7,"14":0,"15":0,"16":0,"17":0,"18":0,"19":0,"20":0,"21":0,"22":0,"23":7},"f":{"0":0,"1":0,"2":0,"3":0,"4":7,"5":0},"b":{"0":[0,0],"1":[0,0],"2":[3],"3":[0,7],"4":[0,0]},"_coverageSchema":"1a1c01bbd47fc00a2c39e90264f33305004495a9","hash":"2e67b65e928c71bcccd8121f1a548272122010fa"}
,"/Users/akhaw/Documents/Repositories/expense-tracker/src/reducers/index.js": {"path":"/Users/akhaw/Documents/Repositories/expense-tracker/src/reducers/index.js","statementMap":{"0":{"start":{"line":5,"column":20},"end":{"line":8,"column":2}}},"fnMap":{},"branchMap":{},"s":{"0":1},"f":{},"b":{},"_coverageSchema":"1a1c01bbd47fc00a2c39e90264f33305004495a9","hash":"1aacd49b183033b808e539eca862f41e63d13f18"}
,"/Users/akhaw/Documents/Repositories/expense-tracker/src/reducers/user.js": {"path":"/Users/akhaw/Documents/Repositories/expense-tracker/src/reducers/user.js","statementMap":{"0":{"start":{"line":3,"column":22},"end":{"line":5,"column":1}},"1":{"start":{"line":7,"column":13},"end":{"line":18,"column":1}},"2":{"start":{"line":8,"column":2},"end":{"line":17,"column":3}},"3":{"start":{"line":10,"column":6},"end":{"line":13,"column":8}},"4":{"start":{"line":16,"column":6},"end":{"line":16,"column":19}}},"fnMap":{"0":{"name":"(anonymous_0)","decl":{"start":{"line":7,"column":13},"end":{"line":7,"column":14}},"loc":{"start":{"line":7,"column":48},"end":{"line":18,"column":1}},"line":7}},"branchMap":{"0":{"loc":{"start":{"line":7,"column":14},"end":{"line":7,"column":35}},"type":"default-arg","locations":[{"start":{"line":7,"column":22},"end":{"line":7,"column":35}}],"line":7},"1":{"loc":{"start":{"line":8,"column":2},"end":{"line":17,"column":3}},"type":"switch","locations":[{"start":{"line":9,"column":4},"end":{"line":13,"column":8}},{"start":{"line":15,"column":4},"end":{"line":16,"column":19}}],"line":8}},"s":{"0":1,"1":1,"2":7,"3":0,"4":7},"f":{"0":7},"b":{"0":[4],"1":[0,7]},"_coverageSchema":"1a1c01bbd47fc00a2c39e90264f33305004495a9","hash":"626ee0fccae7dd954102419432d7952bfabf55ef"}
}
